Using pre-set license
Built from '2020.3/staging' branch; Version is '2020.3.20f1 (41c4e627c95f) revision 4310246'; Using compiler version '192528614'; Build Type 'Release'
OS: 'Windows 10 Home; OS build 19044.1466; Version 2009; 64bit' Language: 'ko' Physical Memory: 16318 MB
BatchMode: 1, IsHumanControllingUs: 0, StartBugReporterOnCrash: 0, Is64bit: 1, IsPro: 0

COMMAND LINE ARGUMENTS:
C:\Program Files\Unity\Hub\Editor\2020.3.20f1\Editor\Unity.exe
-adb2
-batchMode
-noUpm
-name
AssetImportWorker0
-projectPath
D:/PrivateProjects/NReal_TestAR
-logFile
Logs/AssetImportWorker0.log
-srvPort
64222
Successfully changed project path to: D:/PrivateProjects/NReal_TestAR
D:/PrivateProjects/NReal_TestAR
Using Asset Import Pipeline V2.
Refreshing native plugins compatible for Editor in 27.46 ms, found 6 plugins.
Preloading 0 native plugins for Editor in 0.00 ms.
Initialize engine version: 2020.3.20f1 (41c4e627c95f)
[Subsystems] Discovering subsystems at path C:/Program Files/Unity/Hub/Editor/2020.3.20f1/Editor/Data/Resources/UnitySubsystems
[Subsystems] Discovering subsystems at path D:/PrivateProjects/NReal_TestAR/Assets
GfxDevice: creating device client; threaded=0
Direct3D:
    Version:  Direct3D 11.0 [level 11.1]
    Renderer: NVIDIA GeForce RTX 2070 SUPER (ID=0x1e84)
    Vendor:   
    VRAM:     8011 MB
    Driver:   27.21.14.6172
Initialize mono
Mono path[0] = 'C:/Program Files/Unity/Hub/Editor/2020.3.20f1/Editor/Data/Managed'
Mono path[1] = 'C:/Program Files/Unity/Hub/Editor/2020.3.20f1/Editor/Data/MonoBleedingEdge/lib/mono/unityjit'
Mono config path = 'C:/Program Files/Unity/Hub/Editor/2020.3.20f1/Editor/Data/MonoBleedingEdge/etc'
Using monoOptions --debugger-agent=transport=dt_socket,embedding=1,server=y,suspend=n,address=127.0.0.1:56288
Begin MonoManager ReloadAssembly
Registering precompiled unity dll's ...
Register platform support module: C:/Program Files/Unity/Hub/Editor/2020.3.20f1/Editor/Data/PlaybackEngines/WindowsStandaloneSupport/UnityEditor.WindowsStandalone.Extensions.dll
Registered in 0.001367 seconds.
Native extension for WindowsStandalone target not found
Refreshing native plugins compatible for Editor in 26.44 ms, found 6 plugins.
Preloading 0 native plugins for Editor in 0.00 ms.
Mono: successfully reloaded assembly
- Completed reload, in  1.393 seconds
Domain Reload Profiling:
	ReloadAssembly (1393ms)
		BeginReloadAssembly (40ms)
			ExecutionOrderSort (0ms)
			DisableScriptedObjects (0ms)
			BackupInstance (0ms)
			ReleaseScriptingObjects (0ms)
			CreateAndSetChildDomain (1ms)
		EndReloadAssembly (354ms)
			LoadAssemblies (39ms)
			RebuildTransferFunctionScriptingTraits (0ms)
			SetupTypeCache (133ms)
			ReleaseScriptCaches (0ms)
			RebuildScriptCaches (24ms)
			SetupLoadedEditorAssemblies (143ms)
				LogAssemblyErrors (0ms)
				InitializePlatformSupportModulesInManaged (3ms)
				SetLoadedEditorAssemblies (0ms)
				RefreshPlugins (26ms)
				BeforeProcessingInitializeOnLoad (13ms)
				ProcessInitializeOnLoadAttributes (79ms)
				ProcessInitializeOnLoadMethodAttributes (21ms)
				AfterProcessingInitializeOnLoad (0ms)
				EditorAssembliesLoaded (0ms)
			ExecutionOrderSort2 (0ms)
			AwakeInstancesAfterBackupRestoration (0ms)
Platform modules already initialized, skipping
Registering precompiled user dll's ...
Registered in 0.001951 seconds.
Begin MonoManager ReloadAssembly
Native extension for WindowsStandalone target not found
Refreshing native plugins compatible for Editor in 0.40 ms, found 6 plugins.
Preloading 0 native plugins for Editor in 0.00 ms.
Mono: successfully reloaded assembly
- Completed reload, in  0.864 seconds
Domain Reload Profiling:
	ReloadAssembly (865ms)
		BeginReloadAssembly (109ms)
			ExecutionOrderSort (0ms)
			DisableScriptedObjects (3ms)
			BackupInstance (0ms)
			ReleaseScriptingObjects (0ms)
			CreateAndSetChildDomain (13ms)
		EndReloadAssembly (709ms)
			LoadAssemblies (81ms)
			RebuildTransferFunctionScriptingTraits (0ms)
			SetupTypeCache (226ms)
			ReleaseScriptCaches (0ms)
			RebuildScriptCaches (35ms)
			SetupLoadedEditorAssemblies (285ms)
				LogAssemblyErrors (0ms)
				InitializePlatformSupportModulesInManaged (4ms)
				SetLoadedEditorAssemblies (0ms)
				RefreshPlugins (0ms)
				BeforeProcessingInitializeOnLoad (59ms)
				ProcessInitializeOnLoadAttributes (212ms)
				ProcessInitializeOnLoadMethodAttributes (5ms)
				AfterProcessingInitializeOnLoad (5ms)
				EditorAssembliesLoaded (0ms)
			ExecutionOrderSort2 (0ms)
			AwakeInstancesAfterBackupRestoration (7ms)
Platform modules already initialized, skipping
========================================================================
Worker process is ready to serve import requests
Launched and connected shader compiler UnityShaderCompiler.exe after 0.05 seconds
Refreshing native plugins compatible for Editor in 0.48 ms, found 6 plugins.
Preloading 0 native plugins for Editor in 0.00 ms.
Unloading 1707 Unused Serialized files (Serialized files now loaded: 0)
System memory in use before: 76.5 MB.
System memory in use after: 76.5 MB.

Unloading 30 unused Assets to reduce memory usage. Loaded Objects now: 2129.
Total: 2.864300 ms (FindLiveObjects: 0.146800 ms CreateObjectMapping: 0.046100 ms MarkObjects: 2.588800 ms  DeleteObjects: 0.082100 ms)

AssetImportParameters requested are different than current active one (requested -> active):
  custom:framework-win-MediaFoundation: 216162199b28c13a410421893ffa2e32 -> 
  custom:video-decoder-ogg-theora: a1e56fd34408186e4bbccfd4996cb3dc -> 
  custom:container-muxer-webm: aa71ff27fc2769a1b78a27578f13a17b -> 
  custom:container-demuxer-webm: 4f35f7cbe854078d1ac9338744f61a02 -> 
  custom:container-demuxer-ogg: 62fdf1f143b41e24485cea50d1cbac27 -> 
  custom:video-encoder-webm-vp8: eb34c28f22e8b96e1ab97ce403110664 -> 
  custom:video-decoder-webm-vp8: 9c59270c3fd7afecdb556c50c9e8de78 -> 
  custom:audio-decoder-ogg-vorbis: bf7c407c2cedff20999df2af8eb42d56 -> 
  custom:audio-encoder-webm-vorbis: bf7c407c2cedff20999df2af8eb42d56 -> 
========================================================================
Received Import Request.
  path: Assets/Scenes/MR_Room.unity
  artifactKey: Guid(8b8af64e2f7c13e4facdf42e7101745b) Importer(815301076,1909f56bfc062723c751e8b465ee728b)
Start importing Assets/Scenes/MR_Room.unity using Guid(8b8af64e2f7c13e4facdf42e7101745b) Importer(815301076,1909f56bfc062723c751e8b465ee728b)  -> (artifact id: 'd50074f18ee902861a8c1e91ea32fb6b') in 0.029136 seconds 
  Import took 0.031376 seconds .

========================================================================
Received Import Request.
  Time since last request: 0.000204 seconds.
  path: Assets/Scenes
  artifactKey: Guid(b8eece5fab1311041bae11403a093462) Importer(815301076,1909f56bfc062723c751e8b465ee728b)
Start importing Assets/Scenes using Guid(b8eece5fab1311041bae11403a093462) Importer(815301076,1909f56bfc062723c751e8b465ee728b)  -> (artifact id: '7506b47a5df383121ef0ca48305701c3') in 0.005330 seconds 
  Import took 0.007888 seconds .

========================================================================
Received Import Request.
  Time since last request: 1.705735 seconds.
  path: Assets/Scenes/NRealSimpleSpawn.unity
  artifactKey: Guid(eeb6949f1d548fe43b2fb25b93db8a5f) Importer(815301076,1909f56bfc062723c751e8b465ee728b)
Start importing Assets/Scenes/NRealSimpleSpawn.unity using Guid(eeb6949f1d548fe43b2fb25b93db8a5f) Importer(815301076,1909f56bfc062723c751e8b465ee728b)  -> (artifact id: 'a73a01b0afa31facbbd4e0649dde77e0') in 0.005101 seconds 
  Import took 0.007379 seconds .

========================================================================
Received Import Request.
  Time since last request: 6.025426 seconds.
  path: Assets/Scenes/NRealSimpleSpawn 1.unity
  artifactKey: Guid(6276eaf3e5e644e42a423ca225a5d825) Importer(815301076,1909f56bfc062723c751e8b465ee728b)
Start importing Assets/Scenes/NRealSimpleSpawn 1.unity using Guid(6276eaf3e5e644e42a423ca225a5d825) Importer(815301076,1909f56bfc062723c751e8b465ee728b)  -> (artifact id: '4895dd92521b0a90c7101097a2d6bffc') in 0.026697 seconds 
  Import took 0.029031 seconds .

========================================================================
Received Import Request.
  Time since last request: 10.803976 seconds.
  path: Assets/Scenes/_controller.unity
  artifactKey: Guid(6276eaf3e5e644e42a423ca225a5d825) Importer(815301076,1909f56bfc062723c751e8b465ee728b)
Start importing Assets/Scenes/_controller.unity using Guid(6276eaf3e5e644e42a423ca225a5d825) Importer(815301076,1909f56bfc062723c751e8b465ee728b)  -> (artifact id: '7cff045fe7aaec105bcdcfc9baf28e29') in 0.004068 seconds 
  Import took 0.006214 seconds .

========================================================================
Received Import Request.
  Time since last request: 51.744406 seconds.
  path: Assets/NRSDK
  artifactKey: Guid(01cad2a8eb05344d2b1c9b4a516b4965) Importer(815301076,1909f56bfc062723c751e8b465ee728b)
Start importing Assets/NRSDK using Guid(01cad2a8eb05344d2b1c9b4a516b4965) Importer(815301076,1909f56bfc062723c751e8b465ee728b)  -> (artifact id: 'e25faae6d5a17ed6e54607d15ebf48b6') in 0.004927 seconds 
  Import took 0.007801 seconds .

========================================================================
Received Import Request.
  Time since last request: 0.051414 seconds.
  path: Assets/NRSDK/NRKernalSessionConfig.asset
  artifactKey: Guid(27d90d2c2ddcd074ca3e384fea9d08ca) Importer(815301076,1909f56bfc062723c751e8b465ee728b)
Start importing Assets/NRSDK/NRKernalSessionConfig.asset using Guid(27d90d2c2ddcd074ca3e384fea9d08ca) Importer(815301076,1909f56bfc062723c751e8b465ee728b)  -> (artifact id: '07bf0f2cb805f3b952962bca79210101') in 0.080763 seconds 
  Import took 0.083199 seconds .

========================================================================
Received Import Request.
  Time since last request: 0.000171 seconds.
  path: Assets/NRSDK/NRSDK.asmdef
  artifactKey: Guid(02229f6652728da45838accf9ce93851) Importer(815301076,1909f56bfc062723c751e8b465ee728b)
Start importing Assets/NRSDK/NRSDK.asmdef using Guid(02229f6652728da45838accf9ce93851) Importer(815301076,1909f56bfc062723c751e8b465ee728b)  -> (artifact id: '7dd5eacfb9f46dab150fa2c2f26ffc6c') in 0.002148 seconds 
  Import took 0.004182 seconds .

========================================================================
Received Import Request.
  Time since last request: 0.000230 seconds.
  path: Assets/NRSDK/NRProjectConfig.asset
  artifactKey: Guid(c66f5f1413c2e471aa0c410731aa0a78) Importer(815301076,1909f56bfc062723c751e8b465ee728b)
Start importing Assets/NRSDK/NRProjectConfig.asset using Guid(c66f5f1413c2e471aa0c410731aa0a78) Importer(815301076,1909f56bfc062723c751e8b465ee728b)  -> (artifact id: '6457c97d466c75b9687f1337cc533090') in 0.004528 seconds 
  Import took 0.006842 seconds .

========================================================================
Received Import Request.
  Time since last request: 6.641094 seconds.
  path: Assets/NRSDK/Prefabs
  artifactKey: Guid(5daed1f840a858340a08cff471a493b2) Importer(815301076,1909f56bfc062723c751e8b465ee728b)
Start importing Assets/NRSDK/Prefabs using Guid(5daed1f840a858340a08cff471a493b2) Importer(815301076,1909f56bfc062723c751e8b465ee728b)  -> (artifact id: 'ed37539b703c301af26761703fdcb205') in 0.004377 seconds 
  Import took 0.006509 seconds .

========================================================================
Received Import Request.
  Time since last request: 0.109213 seconds.
  path: Assets/NRSDK/Prefabs/FPSCanvas.prefab
  artifactKey: Guid(67d84a29ffd5ca443ae62b9736795f1b) Importer(815301076,1909f56bfc062723c751e8b465ee728b)
Start importing Assets/NRSDK/Prefabs/FPSCanvas.prefab using Guid(67d84a29ffd5ca443ae62b9736795f1b) Importer(815301076,1909f56bfc062723c751e8b465ee728b)  -> (artifact id: 'c468bd323f8881c2b291344fc927ecae') in 0.015818 seconds 
  Import took 0.018137 seconds .

========================================================================
Received Import Request.
  Time since last request: 0.000181 seconds.
  path: Assets/NRSDK/Prefabs/NRCameraRig.prefab
  artifactKey: Guid(665d8158924bd2648a94fb3f87691bbb) Importer(815301076,1909f56bfc062723c751e8b465ee728b)
Start importing Assets/NRSDK/Prefabs/NRCameraRig.prefab using Guid(665d8158924bd2648a94fb3f87691bbb) Importer(815301076,1909f56bfc062723c751e8b465ee728b)  -> (artifact id: 'ad20b71106074def5196ff03b9942692') in 0.035131 seconds 
  Import took 0.037443 seconds .

========================================================================
Received Import Request.
  Time since last request: 0.000168 seconds.
  path: Assets/NRSDK/Prefabs/NRInput.prefab
  artifactKey: Guid(ad152f08ed7eb6e4abd93376a0203e38) Importer(815301076,1909f56bfc062723c751e8b465ee728b)
Start importing Assets/NRSDK/Prefabs/NRInput.prefab using Guid(ad152f08ed7eb6e4abd93376a0203e38) Importer(815301076,1909f56bfc062723c751e8b465ee728b)  -> (artifact id: '46a3b4836afe6dbc4099ad73e4a45b97') in 0.055721 seconds 
  Import took 0.057888 seconds .

========================================================================
Received Import Request.
  Time since last request: 0.000160 seconds.
  path: Assets/NRSDK/Prefabs/NRVirtualDisplayer.prefab
  artifactKey: Guid(e0f440c4bb94be641af5dc113d3248f5) Importer(815301076,1909f56bfc062723c751e8b465ee728b)
Start importing Assets/NRSDK/Prefabs/NRVirtualDisplayer.prefab using Guid(e0f440c4bb94be641af5dc113d3248f5) Importer(815301076,1909f56bfc062723c751e8b465ee728b)  -> (artifact id: '7ca45eb8d8a71d35f2079d6da648976e') in 0.007940 seconds 
  Import took 0.010296 seconds .

========================================================================
Received Prepare
Registering precompiled user dll's ...
Registered in 0.001916 seconds.
Begin MonoManager ReloadAssembly
Native extension for WindowsStandalone target not found
Refreshing native plugins compatible for Editor in 0.40 ms, found 6 plugins.
Preloading 0 native plugins for Editor in 0.00 ms.
Mono: successfully reloaded assembly
- Completed reload, in  0.730 seconds
Domain Reload Profiling:
	ReloadAssembly (730ms)
		BeginReloadAssembly (101ms)
			ExecutionOrderSort (0ms)
			DisableScriptedObjects (3ms)
			BackupInstance (0ms)
			ReleaseScriptingObjects (0ms)
			CreateAndSetChildDomain (31ms)
		EndReloadAssembly (580ms)
			LoadAssemblies (61ms)
			RebuildTransferFunctionScriptingTraits (0ms)
			SetupTypeCache (202ms)
			ReleaseScriptCaches (1ms)
			RebuildScriptCaches (29ms)
			SetupLoadedEditorAssemblies (215ms)
				LogAssemblyErrors (0ms)
				InitializePlatformSupportModulesInManaged (4ms)
				SetLoadedEditorAssemblies (0ms)
				RefreshPlugins (0ms)
				BeforeProcessingInitializeOnLoad (56ms)
				ProcessInitializeOnLoadAttributes (147ms)
				ProcessInitializeOnLoadMethodAttributes (3ms)
				AfterProcessingInitializeOnLoad (4ms)
				EditorAssembliesLoaded (0ms)
			ExecutionOrderSort2 (0ms)
			AwakeInstancesAfterBackupRestoration (5ms)
Platform modules already initialized, skipping
Refreshing native plugins compatible for Editor in 0.40 ms, found 6 plugins.
Preloading 0 native plugins for Editor in 0.00 ms.
Unloading 1689 Unused Serialized files (Serialized files now loaded: 0)
System memory in use before: 78.3 MB.
System memory in use after: 78.4 MB.

Unloading 27 unused Assets to reduce memory usage. Loaded Objects now: 2142.
Total: 2.124600 ms (FindLiveObjects: 0.133700 ms CreateObjectMapping: 0.041100 ms MarkObjects: 1.894800 ms  DeleteObjects: 0.053900 ms)

AssetImportParameters requested are different than current active one (requested -> active):
  custom:framework-win-MediaFoundation: 216162199b28c13a410421893ffa2e32 -> 
  custom:video-decoder-ogg-theora: a1e56fd34408186e4bbccfd4996cb3dc -> 
  custom:container-muxer-webm: aa71ff27fc2769a1b78a27578f13a17b -> 
  custom:container-demuxer-webm: 4f35f7cbe854078d1ac9338744f61a02 -> 
  custom:container-demuxer-ogg: 62fdf1f143b41e24485cea50d1cbac27 -> 
  custom:video-encoder-webm-vp8: eb34c28f22e8b96e1ab97ce403110664 -> 
  custom:video-decoder-webm-vp8: 9c59270c3fd7afecdb556c50c9e8de78 -> 
  custom:audio-decoder-ogg-vorbis: bf7c407c2cedff20999df2af8eb42d56 -> 
  custom:audio-encoder-webm-vorbis: bf7c407c2cedff20999df2af8eb42d56 -> 
========================================================================
Received Prepare
Registering precompiled user dll's ...
Registered in 0.002173 seconds.
Begin MonoManager ReloadAssembly
Native extension for WindowsStandalone target not found
Refreshing native plugins compatible for Editor in 0.40 ms, found 6 plugins.
Preloading 0 native plugins for Editor in 0.00 ms.
Mono: successfully reloaded assembly
- Completed reload, in  0.717 seconds
Domain Reload Profiling:
	ReloadAssembly (717ms)
		BeginReloadAssembly (82ms)
			ExecutionOrderSort (0ms)
			DisableScriptedObjects (4ms)
			BackupInstance (0ms)
			ReleaseScriptingObjects (0ms)
			CreateAndSetChildDomain (27ms)
		EndReloadAssembly (588ms)
			LoadAssemblies (63ms)
			RebuildTransferFunctionScriptingTraits (0ms)
			SetupTypeCache (211ms)
			ReleaseScriptCaches (1ms)
			RebuildScriptCaches (29ms)
			SetupLoadedEditorAssemblies (212ms)
				LogAssemblyErrors (0ms)
				InitializePlatformSupportModulesInManaged (4ms)
				SetLoadedEditorAssemblies (0ms)
				RefreshPlugins (0ms)
				BeforeProcessingInitializeOnLoad (54ms)
				ProcessInitializeOnLoadAttributes (146ms)
				ProcessInitializeOnLoadMethodAttributes (3ms)
				AfterProcessingInitializeOnLoad (5ms)
				EditorAssembliesLoaded (0ms)
			ExecutionOrderSort2 (0ms)
			AwakeInstancesAfterBackupRestoration (5ms)
Platform modules already initialized, skipping
Refreshing native plugins compatible for Editor in 0.50 ms, found 6 plugins.
Preloading 0 native plugins for Editor in 0.00 ms.
Unloading 1689 Unused Serialized files (Serialized files now loaded: 0)
System memory in use before: 78.3 MB.
System memory in use after: 78.4 MB.

Unloading 25 unused Assets to reduce memory usage. Loaded Objects now: 2144.
Total: 2.139300 ms (FindLiveObjects: 0.132000 ms CreateObjectMapping: 0.041700 ms MarkObjects: 1.950900 ms  DeleteObjects: 0.013400 ms)

AssetImportParameters requested are different than current active one (requested -> active):
  custom:framework-win-MediaFoundation: 216162199b28c13a410421893ffa2e32 -> 
  custom:video-decoder-ogg-theora: a1e56fd34408186e4bbccfd4996cb3dc -> 
  custom:container-muxer-webm: aa71ff27fc2769a1b78a27578f13a17b -> 
  custom:container-demuxer-webm: 4f35f7cbe854078d1ac9338744f61a02 -> 
  custom:container-demuxer-ogg: 62fdf1f143b41e24485cea50d1cbac27 -> 
  custom:video-encoder-webm-vp8: eb34c28f22e8b96e1ab97ce403110664 -> 
  custom:video-decoder-webm-vp8: 9c59270c3fd7afecdb556c50c9e8de78 -> 
  custom:audio-decoder-ogg-vorbis: bf7c407c2cedff20999df2af8eb42d56 -> 
  custom:audio-encoder-webm-vorbis: bf7c407c2cedff20999df2af8eb42d56 -> 
========================================================================
Received Prepare
Registering precompiled user dll's ...
Registered in 0.002069 seconds.
Begin MonoManager ReloadAssembly
Native extension for WindowsStandalone target not found
Refreshing native plugins compatible for Editor in 0.41 ms, found 6 plugins.
Preloading 0 native plugins for Editor in 0.00 ms.
Mono: successfully reloaded assembly
- Completed reload, in  0.721 seconds
Domain Reload Profiling:
	ReloadAssembly (722ms)
		BeginReloadAssembly (87ms)
			ExecutionOrderSort (0ms)
			DisableScriptedObjects (3ms)
			BackupInstance (0ms)
			ReleaseScriptingObjects (0ms)
			CreateAndSetChildDomain (24ms)
		EndReloadAssembly (586ms)
			LoadAssemblies (63ms)
			RebuildTransferFunctionScriptingTraits (0ms)
			SetupTypeCache (206ms)
			ReleaseScriptCaches (1ms)
			RebuildScriptCaches (29ms)
			SetupLoadedEditorAssemblies (214ms)
				LogAssemblyErrors (0ms)
				InitializePlatformSupportModulesInManaged (4ms)
				SetLoadedEditorAssemblies (0ms)
				RefreshPlugins (0ms)
				BeforeProcessingInitializeOnLoad (53ms)
				ProcessInitializeOnLoadAttributes (148ms)
				ProcessInitializeOnLoadMethodAttributes (3ms)
				AfterProcessingInitializeOnLoad (4ms)
				EditorAssembliesLoaded (0ms)
			ExecutionOrderSort2 (0ms)
			AwakeInstancesAfterBackupRestoration (5ms)
Platform modules already initialized, skipping
Refreshing native plugins compatible for Editor in 0.60 ms, found 6 plugins.
Preloading 0 native plugins for Editor in 0.00 ms.
Unloading 1689 Unused Serialized files (Serialized files now loaded: 0)
System memory in use before: 78.4 MB.
System memory in use after: 78.5 MB.

Unloading 25 unused Assets to reduce memory usage. Loaded Objects now: 2146.
Total: 2.223800 ms (FindLiveObjects: 0.130000 ms CreateObjectMapping: 0.043400 ms MarkObjects: 2.035500 ms  DeleteObjects: 0.014200 ms)

AssetImportParameters requested are different than current active one (requested -> active):
  custom:framework-win-MediaFoundation: 216162199b28c13a410421893ffa2e32 -> 
  custom:video-decoder-ogg-theora: a1e56fd34408186e4bbccfd4996cb3dc -> 
  custom:container-muxer-webm: aa71ff27fc2769a1b78a27578f13a17b -> 
  custom:container-demuxer-webm: 4f35f7cbe854078d1ac9338744f61a02 -> 
  custom:container-demuxer-ogg: 62fdf1f143b41e24485cea50d1cbac27 -> 
  custom:video-encoder-webm-vp8: eb34c28f22e8b96e1ab97ce403110664 -> 
  custom:video-decoder-webm-vp8: 9c59270c3fd7afecdb556c50c9e8de78 -> 
  custom:audio-decoder-ogg-vorbis: bf7c407c2cedff20999df2af8eb42d56 -> 
  custom:audio-encoder-webm-vorbis: bf7c407c2cedff20999df2af8eb42d56 -> 
========================================================================
Received Prepare
Registering precompiled user dll's ...
Registered in 0.002169 seconds.
Begin MonoManager ReloadAssembly
Native extension for WindowsStandalone target not found
Refreshing native plugins compatible for Editor in 0.41 ms, found 6 plugins.
Preloading 0 native plugins for Editor in 0.00 ms.
Mono: successfully reloaded assembly
- Completed reload, in  0.728 seconds
Domain Reload Profiling:
	ReloadAssembly (729ms)
		BeginReloadAssembly (88ms)
			ExecutionOrderSort (0ms)
			DisableScriptedObjects (4ms)
			BackupInstance (0ms)
			ReleaseScriptingObjects (0ms)
			CreateAndSetChildDomain (24ms)
		EndReloadAssembly (592ms)
			LoadAssemblies (64ms)
			RebuildTransferFunctionScriptingTraits (0ms)
			SetupTypeCache (211ms)
			ReleaseScriptCaches (1ms)
			RebuildScriptCaches (30ms)
			SetupLoadedEditorAssemblies (215ms)
				LogAssemblyErrors (0ms)
				InitializePlatformSupportModulesInManaged (4ms)
				SetLoadedEditorAssemblies (0ms)
				RefreshPlugins (0ms)
				BeforeProcessingInitializeOnLoad (55ms)
				ProcessInitializeOnLoadAttributes (147ms)
				ProcessInitializeOnLoadMethodAttributes (3ms)
				AfterProcessingInitializeOnLoad (5ms)
				EditorAssembliesLoaded (0ms)
			ExecutionOrderSort2 (0ms)
			AwakeInstancesAfterBackupRestoration (5ms)
Platform modules already initialized, skipping
Refreshing native plugins compatible for Editor in 0.43 ms, found 6 plugins.
Preloading 0 native plugins for Editor in 0.00 ms.
Unloading 1690 Unused Serialized files (Serialized files now loaded: 0)
System memory in use before: 78.4 MB.
System memory in use after: 78.5 MB.

Unloading 25 unused Assets to reduce memory usage. Loaded Objects now: 2149.
Total: 2.369200 ms (FindLiveObjects: 0.134100 ms CreateObjectMapping: 0.047600 ms MarkObjects: 2.170600 ms  DeleteObjects: 0.016000 ms)

AssetImportParameters requested are different than current active one (requested -> active):
  custom:framework-win-MediaFoundation: 216162199b28c13a410421893ffa2e32 -> 
  custom:video-decoder-ogg-theora: a1e56fd34408186e4bbccfd4996cb3dc -> 
  custom:container-muxer-webm: aa71ff27fc2769a1b78a27578f13a17b -> 
  custom:container-demuxer-webm: 4f35f7cbe854078d1ac9338744f61a02 -> 
  custom:container-demuxer-ogg: 62fdf1f143b41e24485cea50d1cbac27 -> 
  custom:video-encoder-webm-vp8: eb34c28f22e8b96e1ab97ce403110664 -> 
  custom:video-decoder-webm-vp8: 9c59270c3fd7afecdb556c50c9e8de78 -> 
  custom:audio-decoder-ogg-vorbis: bf7c407c2cedff20999df2af8eb42d56 -> 
  custom:audio-encoder-webm-vorbis: bf7c407c2cedff20999df2af8eb42d56 -> 
========================================================================
Received Prepare
Registering precompiled user dll's ...
Registered in 0.001982 seconds.
Begin MonoManager ReloadAssembly
Native extension for WindowsStandalone target not found
Refreshing native plugins compatible for Editor in 0.40 ms, found 6 plugins.
Preloading 0 native plugins for Editor in 0.00 ms.
Mono: successfully reloaded assembly
- Completed reload, in  0.725 seconds
Domain Reload Profiling:
	ReloadAssembly (725ms)
		BeginReloadAssembly (79ms)
			ExecutionOrderSort (0ms)
			DisableScriptedObjects (3ms)
			BackupInstance (0ms)
			ReleaseScriptingObjects (0ms)
			CreateAndSetChildDomain (23ms)
		EndReloadAssembly (596ms)
			LoadAssemblies (84ms)
			RebuildTransferFunctionScriptingTraits (0ms)
			SetupTypeCache (203ms)
			ReleaseScriptCaches (1ms)
			RebuildScriptCaches (29ms)
			SetupLoadedEditorAssemblies (209ms)
				LogAssemblyErrors (0ms)
				InitializePlatformSupportModulesInManaged (4ms)
				SetLoadedEditorAssemblies (0ms)
				RefreshPlugins (0ms)
				BeforeProcessingInitializeOnLoad (52ms)
				ProcessInitializeOnLoadAttributes (144ms)
				ProcessInitializeOnLoadMethodAttributes (3ms)
				AfterProcessingInitializeOnLoad (5ms)
				EditorAssembliesLoaded (0ms)
			ExecutionOrderSort2 (0ms)
			AwakeInstancesAfterBackupRestoration (5ms)
Platform modules already initialized, skipping
Refreshing native plugins compatible for Editor in 0.40 ms, found 6 plugins.
Preloading 0 native plugins for Editor in 0.00 ms.
Unloading 1690 Unused Serialized files (Serialized files now loaded: 0)
System memory in use before: 78.4 MB.
System memory in use after: 78.5 MB.

Unloading 25 unused Assets to reduce memory usage. Loaded Objects now: 2151.
Total: 2.264600 ms (FindLiveObjects: 0.129500 ms CreateObjectMapping: 0.043800 ms MarkObjects: 2.047300 ms  DeleteObjects: 0.043000 ms)

AssetImportParameters requested are different than current active one (requested -> active):
  custom:framework-win-MediaFoundation: 216162199b28c13a410421893ffa2e32 -> 
  custom:video-decoder-ogg-theora: a1e56fd34408186e4bbccfd4996cb3dc -> 
  custom:container-muxer-webm: aa71ff27fc2769a1b78a27578f13a17b -> 
  custom:container-demuxer-webm: 4f35f7cbe854078d1ac9338744f61a02 -> 
  custom:container-demuxer-ogg: 62fdf1f143b41e24485cea50d1cbac27 -> 
  custom:video-encoder-webm-vp8: eb34c28f22e8b96e1ab97ce403110664 -> 
  custom:video-decoder-webm-vp8: 9c59270c3fd7afecdb556c50c9e8de78 -> 
  custom:audio-decoder-ogg-vorbis: bf7c407c2cedff20999df2af8eb42d56 -> 
  custom:audio-encoder-webm-vorbis: bf7c407c2cedff20999df2af8eb42d56 -> 
AssetImportWorkerClient::OnTransportError - code=2 error=End of file
